<?xml version="1.0" encoding="UTF-8"?>
<!-- Generated by org.testng.reporters.JUnitReportReporter -->
<testsuite hostname="DESKTOP-UB1L72H" failures="0" tests="1" name="WebAutomationTask.WindowAlert" time="5.251" errors="0" timestamp="2021-09-03T03:15:20 AST" skipped="0">
  <testcase classname="WebAutomationTask.WindowAlert" name="WindowAlertTest" time="5.251"/>
  <system-out/>
</testsuite> <!-- WebAutomationTask.WindowAlert -->
