<?xml version="1.0" encoding="UTF-8"?>
<!-- Generated by org.testng.reporters.JUnitReportReporter -->
<testsuite hostname="DESKTOP-UB1L72H" failures="0" tests="1" name="WebAutomationTask.Buttons" time="6.518" errors="0" timestamp="2021-09-03T03:15:20 AST" skipped="0">
  <testcase classname="WebAutomationTask.Buttons" name="ButtonsTest" time="6.518"/>
  <system-out/>
</testsuite> <!-- WebAutomationTask.Buttons -->
